16:51:13 **** Incremental Build of configuration Debug for project First ****
make all 
Building file: ../src/Car.cpp
Invoking: GCC C++ Compiler
g++ -O0 -g3 -Wall -c -fmessage-length=0 -MMD -MP -MF"src/Car.d" -MT"src/Car.o" -o "src/Car.o" "../src/Car.cpp"
In file included from ../src/Car.h:12:0,
                 from ../src/Car.cpp:9:
../src/Wheel.h:20:21: warning: non-static data member initializers only available with -std=c++11 or -std=gnu++11
  int rimDiameter_ = 18;
                     ^
../src/Wheel.h:21:20: warning: non-static data member initializers only available with -std=c++11 or -std=gnu++11
  bool aluminium_ = false;
                    ^
../src/Car.cpp: In constructor ‘Car::Car(Manufacturer)’:
../src/Car.cpp:13:38: error: class ‘Car’ does not have any field named ‘manufacturer_’
 Car::Car(Manufacturer manufacturer): manufacturer_(manufacturer) {
                                      ^
make: *** [src/Car.o] Error 1
src/subdir.mk:30: recipe for target 'src/Car.o' failed
16:52:29 **** Incremental Build of configuration Debug for project First ****
make all 
Building file: ../src/Car.cpp
Invoking: GCC C++ Compiler
g++ -O0 -g3 -Wall -c -fmessage-length=0 -MMD -MP -MF"src/Car.d" -MT"src/Car.o" -o "src/Car.o" "../src/Car.cpp"
In file included from ../src/Car.h:12:0,
                 from ../src/Car.cpp:9:
../src/Wheel.h:20:21: warning: non-static data member initializers only available with -std=c++11 or -std=gnu++11
  int rimDiameter_ = 18;
                     ^
../src/Wheel.h:21:20: warning: non-static data member initializers only available with -std=c++11 or -std=gnu++11
  bool aluminium_ = false;
                    ^
../src/Car.cpp: In constructor ‘Car::Car(Manufacturer)’:
../src/Car.cpp:13:38: error: class ‘Car’ does not have any field named ‘manufacturer_’
 Car::Car(Manufacturer manufacturer): manufacturer_(manufacturer) {
                                      ^
src/subdir.mk:27: recipe for target 'src/Car.o' failed
make: *** [src/Car.o] Error 1
16:55:40 **** Incremental Build of configuration Debug for project First ****
make all 
Building file: ../src/Car.cpp
Invoking: GCC C++ Compiler
g++ -O0 -g3 -Wall -c -fmessage-length=0 -MMD -MP -MF"src/Car.d" -MT"src/Car.o" -o "src/Car.o" "../src/Car.cpp"
In file included from ../src/Car.h:12:0,
                 from ../src/Car.cpp:9:
../src/Wheel.h:20:21: warning: non-static data member initializers only available with -std=c++11 or -std=gnu++11
  int rimDiameter_ = 18;
                     ^
../src/Wheel.h:21:20: warning: non-static data member initializers only available with -std=c++11 or -std=gnu++11
  bool aluminium_ = false;
                    ^
../src/Car.cpp: In constructor ‘Car::Car(Manufacturer)’:
../src/Car.cpp:13:38: error: class ‘Car’ does not have any field named ‘manufacturer_’
 Car::Car(Manufacturer manufacturer): manufacturer_(manufacturer) {
                                      ^
src/subdir.mk:27: recipe for target 'src/Car.o' failed
make: *** [src/Car.o] Error 1
17:03:06 **** Incremental Build of configuration Debug for project First ****
make all 
Building file: ../src/Car.cpp
Invoking: GCC C++ Compiler
g++ -O0 -g3 -Wall -c -fmessage-length=0 -MMD -MP -MF"src/Car.d" -MT"src/Car.o" -o "src/Car.o" "../src/Car.cpp"
In file included from ../src/Car.h:12:0,
                 from ../src/Car.cpp:8:
../src/Wheel.h:20:21: warning: non-static data member initializers only available with -std=c++11 or -std=gnu++11
  int rimDiameter_ = 18;
                     ^
../src/Wheel.h:21:20: warning: non-static data member initializers only available with -std=c++11 or -std=gnu++11
  bool aluminium_ = false;
                    ^
../src/Car.cpp: In constructor ‘Car::Car(Manufacturer)’:
../src/Car.cpp:12:38: error: class ‘Car’ does not have any field named ‘manufacturer_’
 Car::Car(Manufacturer manufacturer): manufacturer_(manufacturer) {
                                      ^
../src/Car.cpp:12:64: error: no matching function for call to ‘Vehicle::Vehicle()’
 Car::Car(Manufacturer manufacturer): manufacturer_(manufacturer) {
                                                                ^
In file included from ../src/Car.h:11:0,
                 from ../src/Car.cpp:8:
../src/Vehicle.h:15:2: note: candidate: Vehicle::Vehicle(Manufacturer, int)
  Vehicle(Manufacturer,int);
  ^
../src/Vehicle.h:15:2: note:   candidate expects 2 arguments, 0 provided
../src/Vehicle.h:13:7: note: candidate: Vehicle::Vehicle(const Vehicle&)
 class Vehicle {
       ^
../src/Vehicle.h:13:7: note:   candidate expects 1 argument, 0 provided
src/subdir.mk:27: recipe for target 'src/Car.o' failed
make: *** [src/Car.o] Error 1
17:05:36 **** Incremental Build of configuration Debug for project First ****
make all 
Building file: ../src/Car.cpp
Invoking: GCC C++ Compiler
g++ -O0 -g3 -Wall -c -fmessage-length=0 -MMD -MP -MF"src/Car.d" -MT"src/Car.o" -o "src/Car.o" "../src/Car.cpp"
In file included from ../src/Car.h:12:0,
                 from ../src/Car.cpp:8:
../src/Wheel.h:20:21: warning: non-static data member initializers only available with -std=c++11 or -std=gnu++11
  int rimDiameter_ = 18;
                     ^
../src/Wheel.h:21:20: warning: non-static data member initializers only available with -std=c++11 or -std=gnu++11
  bool aluminium_ = false;
                    ^
../src/Car.cpp: In constructor ‘Car::Car(Manufacturer)’:
../src/Car.cpp:12:35: error: no matching function for call to ‘Vehicle::Vehicle()’
 Car::Car(Manufacturer manufacturer){
                                   ^
In file included from ../src/Car.h:11:0,
                 from ../src/Car.cpp:8:
../src/Vehicle.h:15:2: note: candidate: Vehicle::Vehicle(Manufacturer, int)
  Vehicle(Manufacturer, int);
  ^
../src/Vehicle.h:15:2: note:   candidate expects 2 arguments, 0 provided
../src/Vehicle.h:13:7: note: candidate: Vehicle::Vehicle(const Vehicle&)
 class Vehicle {
       ^
../src/Vehicle.h:13:7: note:   candidate expects 1 argument, 0 provided
make: *** [src/Car.o] Error 1
src/subdir.mk:27: recipe for target 'src/Car.o' failed
17:06:14 **** Incremental Build of configuration Debug for project First ****
make all 
Building file: ../src/Car.cpp
Invoking: GCC C++ Compiler
g++ -O0 -g3 -Wall -c -fmessage-length=0 -MMD -MP -MF"src/Car.d" -MT"src/Car.o" -o "src/Car.o" "../src/Car.cpp"
In file included from ../src/Car.h:12:0,
                 from ../src/Car.cpp:8:
../src/Wheel.h:20:21: warning: non-static data member initializers only available with -std=c++11 or -std=gnu++11
  int rimDiameter_ = 18;
                     ^
../src/Wheel.h:21:20: warning: non-static data member initializers only available with -std=c++11 or -std=gnu++11
  bool aluminium_ = false;
                    ^
Finished building: ../src/Car.cpp
 
Building file: ../src/Vehicle.cpp
Invoking: GCC C++ Compiler
g++ -O0 -g3 -Wall -c -fmessage-length=0 -MMD -MP -MF"src/Vehicle.d" -MT"src/Vehicle.o" -o "src/Vehicle.o" "../src/Vehicle.cpp"
../src/Vehicle.cpp:12:1: error: prototype for ‘Vehicle::Vehicle(Manufacturer, int)’ does not match any in class ‘Vehicle’
 Vehicle::Vehicle(Manufacturer manufacturer, int mileage) : manufacturer_(manufacturer), mileage_(mileage) {
 ^
In file included from ../src/Vehicle.cpp:8:0:
../src/Vehicle.h:13:7: error: candidates are: Vehicle::Vehicle(const Vehicle&)
 class Vehicle {
       ^
../src/Vehicle.h:15:2: error:                 Vehicle::Vehicle()
  Vehicle();
  ^
make: *** [src/Vehicle.o] Error 1
src/subdir.mk:27: recipe for target 'src/Vehicle.o' failed
17:06:46 **** Incremental Build of configuration Debug for project First ****
make all 
Building file: ../src/Vehicle.cpp
Invoking: GCC C++ Compiler
g++ -O0 -g3 -Wall -c -fmessage-length=0 -MMD -MP -MF"src/Vehicle.d" -MT"src/Vehicle.o" -o "src/Vehicle.o" "../src/Vehicle.cpp"
Finished building: ../src/Vehicle.cpp
 
Building file: ../src/Wheel.cpp
Invoking: GCC C++ Compiler
g++ -O0 -g3 -Wall -c -fmessage-length=0 -MMD -MP -MF"src/Wheel.d" -MT"src/Wheel.o" -o "src/Wheel.o" "../src/Wheel.cpp"
In file included from ../src/Wheel.cpp:8:0:
../src/Wheel.h:20:21: warning: non-static data member initializers only available with -std=c++11 or -std=gnu++11
  int rimDiameter_ = 18;
                     ^
../src/Wheel.h:21:20: warning: non-static data member initializers only available with -std=c++11 or -std=gnu++11
  bool aluminium_ = false;
                    ^
Finished building: ../src/Wheel.cpp
 
Building file: ../src/main.cpp
Invoking: GCC C++ Compiler
g++ -O0 -g3 -Wall -c -fmessage-length=0 -MMD -MP -MF"src/main.d" -MT"src/main.o" -o "src/main.o" "../src/main.cpp"
In file included from ../src/Car.h:12:0,
                 from ../src/main.cpp:2:
../src/Wheel.h:20:21: warning: non-static data member initializers only available with -std=c++11 or -std=gnu++11
  int rimDiameter_ = 18;
                     ^
../src/Wheel.h:21:20: warning: non-static data member initializers only available with -std=c++11 or -std=gnu++11
  bool aluminium_ = false;
                    ^
Finished building: ../src/main.cpp
 
Building target: First
Invoking: GCC C++ Linker
g++  -o "First"  ./src/Car.o ./src/Vehicle.o ./src/Wheel.o ./src/main.o   
Finished building target: First
 
17:06:59 **** Incremental Build of configuration Debug for project First ****
make all 
make: Nothing to be done for 'all'.
17:07:37 **** Incremental Build of configuration Debug for project First ****
make all 
make: Nothing to be done for 'all'.
17:08:34 **** Incremental Build of configuration Debug for project First ****
make all 
Building file: ../src/Car.cpp
Invoking: GCC C++ Compiler
g++ -O0 -g3 -Wall -c -fmessage-length=0 -MMD -MP -MF"src/Car.d" -MT"src/Car.o" -o "src/Car.o" "../src/Car.cpp"
In file included from ../src/Car.h:12:0,
                 from ../src/Car.cpp:8:
../src/Wheel.h:20:21: warning: non-static data member initializers only available with -std=c++11 or -std=gnu++11
  int rimDiameter_ = 18;
                     ^
../src/Wheel.h:21:20: warning: non-static data member initializers only available with -std=c++11 or -std=gnu++11
  bool aluminium_ = false;
                    ^
../src/Car.cpp: In constructor ‘Car::Car(Manufacturer)’:
../src/Car.cpp:13:39: error: class ‘Car’ does not have any field named ‘manufacturer_’
 Car::Car(Manufacturer manufacturer) : manufacturer_(manufacturer){
                                       ^
src/subdir.mk:27: recipe for target 'src/Car.o' failed
make: *** [src/Car.o] Error 1
17:08:54 **** Incremental Build of configuration Debug for project First ****
make all 
Building file: ../src/Car.cpp
Invoking: GCC C++ Compiler
g++ -O0 -g3 -Wall -c -fmessage-length=0 -MMD -MP -MF"src/Car.d" -MT"src/Car.o" -o "src/Car.o" "../src/Car.cpp"
In file included from ../src/Car.h:12:0,
                 from ../src/Car.cpp:8:
../src/Wheel.h:20:21: warning: non-static data member initializers only available with -std=c++11 or -std=gnu++11
  int rimDiameter_ = 18;
                     ^
../src/Wheel.h:21:20: warning: non-static data member initializers only available with -std=c++11 or -std=gnu++11
  bool aluminium_ = false;
                    ^
../src/Car.cpp: In constructor ‘Car::Car(Manufacturer)’:
../src/Car.cpp:13:39: error: class ‘Car’ does not have any field named ‘manufacturer_’
 Car::Car(Manufacturer manufacturer) : manufacturer_(manufacturer){
                                       ^
make: *** [src/Car.o] Error 1
src/subdir.mk:27: recipe for target 'src/Car.o' failed
17:09:46 **** Incremental Build of configuration Debug for project First ****
make all 
Building file: ../src/Car.cpp
Invoking: GCC C++ Compiler
g++ -O0 -g3 -Wall -c -fmessage-length=0 -MMD -MP -MF"src/Car.d" -MT"src/Car.o" -o "src/Car.o" "../src/Car.cpp"
In file included from ../src/Car.h:12:0,
                 from ../src/Car.cpp:8:
../src/Wheel.h:20:21: warning: non-static data member initializers only available with -std=c++11 or -std=gnu++11
  int rimDiameter_ = 18;
                     ^
../src/Wheel.h:21:20: warning: non-static data member initializers only available with -std=c++11 or -std=gnu++11
  bool aluminium_ = false;
                    ^
../src/Car.cpp: In constructor ‘Car::Car(Manufacturer)’:
../src/Car.cpp:14:39: error: class ‘Car’ does not have any field named ‘manufacturer_’
 Car::Car(Manufacturer manufacturer) : manufacturer_(manufacturer){
                                       ^
make: *** [src/Car.o] Error 1
src/subdir.mk:27: recipe for target 'src/Car.o' failed
17:10:13 **** Incremental Build of configuration Debug for project First ****
make all 
Building file: ../src/Car.cpp
Invoking: GCC C++ Compiler
g++ -O0 -g3 -Wall -c -fmessage-length=0 -MMD -MP -MF"src/Car.d" -MT"src/Car.o" -o "src/Car.o" "../src/Car.cpp"
In file included from ../src/Car.h:12:0,
                 from ../src/Car.cpp:8:
../src/Wheel.h:20:21: warning: non-static data member initializers only available with -std=c++11 or -std=gnu++11
  int rimDiameter_ = 18;
                     ^
../src/Wheel.h:21:20: warning: non-static data member initializers only available with -std=c++11 or -std=gnu++11
  bool aluminium_ = false;
                    ^
Finished building: ../src/Car.cpp
 
Building target: First
Invoking: GCC C++ Linker
g++  -o "First"  ./src/Car.o ./src/Vehicle.o ./src/Wheel.o ./src/main.o   
Finished building target: First
 
17:10:30 **** Incremental Build of configuration Debug for project First ****
make all 
make: Nothing to be done for 'all'.
17:10:42 **** Incremental Build of configuration Debug for project First ****
make all 
make: Nothing to be done for 'all'.
